Build started 15/08/2012 16:20:58.
     1>Project "E:\kimchiandchips\development\video\GStreamer-test\plugin\GStreamer-PaVE.vcxproj" on node 3 (build target(s)).
     1>C:\Program Files (x86)\MSBuild\Microsoft.Cpp\v4.0\Microsoft.CppBuild.targets(299,5): warning MSB8004: Output Directory does not end with a trailing slash.  This build instance will add the slash as it is required to allow proper evaluation of the Output Directory.
     1>InitializeBuildStatus:
         Creating "Debug\libgstpave.unsuccessfulbuild" because "AlwaysCreate" was specified.
       ClCompile:
         C:\Program Files (x86)\Microsoft Visual Studio 10.0\VC\bin\CL.exe /c /I"C:\Program Files (x86)\OSSBuild\GStreamer\v0.10.6\sdk\include" /I"C:\Program Files (x86)\OSSBuild\GStreamer\v0.10.6\sdk\include\libxml2" /I"C:\Program Files (x86)\OSSBuild\GStreamer\v0.10.6\sdk\include\glib-2.0" /I"C:\Program Files (x86)\OSSBuild\GStreamer\v0.10.6\sdk\include\gstreamer-0.10" /ZI /nologo /W3 /WX- /Od /Oy- /D WIN32 /D _DEBUG /D _WINDOWS /D _USRDLL /D GSTREAMERPAVE_EXPORTS /D _WINDLL /D _UNICODE /D UNICODE /Gm /EHsc /RTC1 /MDd /GS /fp:precise /Zc:wchar_t /Zc:forScope /Fo"Debug\\" /Fd"Debug\vc100.pdb" /Gd /TC /analyze- /errorReport:prompt src\gstpaveparse.c
         gstpaveparse.c
       ManifestResourceCompile:
         All outputs are up-to-date.
       Link:
         C:\Program Files (x86)\Microsoft Visual Studio 10.0\VC\bin\link.exe /ERRORREPORT:PROMPT /OUT:"C:\Program Files (x86)\OSSBuild\GStreamer\v0.10.6\lib\gstreamer-0.10\libgstpave.dll" /INCREMENTAL /NOLOGO /LIBPATH:"C:\Program Files (x86)\OSSBuild\GStreamer\v0.10.6\sdk\lib" "gstreamer-0.10.lib" "glib-2.0.lib" "gthread-2.0.lib" "gobject-2.0.lib" "gstbase-0.10.lib" /MANIFEST /ManifestFile:"Debug\libgstpave.dll.intermediate.manifest" /MANIFESTUAC:"level='asInvoker' uiAccess='false'" /DEBUG /PDB:"C:\Program Files (x86)\OSSBuild\GStreamer\v0.10.6\lib\gstreamer-0.10\libgstpave.pdb" /SUBSYSTEM:WINDOWS /TLBID:1 /DYNAMICBASE /NXCOMPAT /IMPLIB:"C:\Program Files (x86)\OSSBuild\GStreamer\v0.10.6\lib\gstreamer-0.10\libgstpave.lib" /MACHINE:X86 /DLL Debug\libgstpave.dll.embed.manifest.res
         Debug\gstpaveparse.obj
       Manifest:
         C:\Program Files (x86)\Microsoft SDKs\Windows\v7.0A\bin\mt.exe /nologo /verbose /out:"Debug\libgstpave.dll.embed.manifest" /manifest Debug\libgstpave.dll.intermediate.manifest
         All outputs are up-to-date.
       LinkEmbedManifest:
         All outputs are up-to-date.
         GStreamer-PaVE.vcxproj -> C:\Program Files (x86)\OSSBuild\GStreamer\v0.10.6\lib\gstreamer-0.10\libgstpave.dll
       FinalizeBuildStatus:
         Deleting file "Debug\libgstpave.unsuccessfulbuild".
         Touching "Debug\libgstpave.lastbuildstate".
     1>Done Building Project "E:\kimchiandchips\development\video\GStreamer-test\plugin\GStreamer-PaVE.vcxproj" (build target(s)).

Build succeeded.

Time Elapsed 00:00:01.10
